<?xml version="1.0" encoding="UTF-8"?>
<!-- Generated by org.testng.reporters.JUnitXMLReporter -->
<testsuite ignored="0" hostname="NK" failures="0" tests="7" name="Default test" time="18.062" errors="0" timestamp="2022-04-18T17:08:14 IST">
  <testcase classname="com.flikart.testscenairos.PlaceOrder" name="validateLoginTest" time="9.329"/>
  <testcase classname="com.flikart.testscenairos.PlaceOrder" name="validateSeachProductTest" time="2.232"/>
  <testcase classname="com.flikart.testscenairos.PlaceOrder" name="validateSelectProductTest" time="0.002"/>
  <testcase classname="com.flikart.testscenairos.PlaceOrder" name="validateAddToCartTest" time="0.002"/>
  <testcase classname="com.flikart.testscenairos.PlaceOrder" name="validatePlaceOrderTest" time="0.002"/>
  <testcase classname="com.flikart.testscenairos.PlaceOrder" name="validateMakePayment" time="0.002"/>
  <testcase classname="com.flikart.testscenairos.PlaceOrder" name="validateLogoutTest" time="0.001"/>
</testsuite> <!-- Default test -->
