<?xml version="1.0" encoding="UTF-8"?>
<!-- Generated by org.testng.reporters.JUnitXMLReporter -->
<testsuite ignored="0" hostname="NK" failures="0" tests="7" name="Test" time="19.565" errors="0" timestamp="2022-04-18T17:37:39 IST">
  <testcase classname="com.flikart.testscenairos.PlaceOrder" name="validateLoginTest" time="9.827"/>
  <testcase classname="com.flikart.testscenairos.PlaceOrder" name="validateSeachProductTest" time="2.689"/>
  <testcase classname="com.flikart.testscenairos.PlaceOrder" name="validateSelectProductTest" time="0.0"/>
  <testcase classname="com.flikart.testscenairos.PlaceOrder" name="validateAddToCartTest" time="0.0"/>
  <testcase classname="com.flikart.testscenairos.PlaceOrder" name="validatePlaceOrderTest" time="0.0"/>
  <testcase classname="com.flikart.testscenairos.PlaceOrder" name="validateMakePayment" time="0.0"/>
  <testcase classname="com.flikart.testscenairos.PlaceOrder" name="validateLogoutTest" time="0.0"/>
</testsuite> <!-- Test -->
