<?xml version="1.0" encoding="UTF-8"?>
<testng-results ignored="0" total="7" passed="7" failed="0" skipped="0">
  <reporter-output>
  </reporter-output>
  <suite started-at="2022-04-18T17:37:19 IST" name="Suite" finished-at="2022-04-18T17:37:39 IST" duration-ms="19565">
    <groups>
    </groups>
    <test started-at="2022-04-18T17:37:19 IST" name="Test" finished-at="2022-04-18T17:37:39 IST" duration-ms="19565">
      <class name="com.flikart.testscenairos.PlaceOrder">
        <test-method is-config="true" signature="setupDriver()[pri:0, instance:com.flikart.testscenairos.PlaceOrder@3d1cfad4]" started-at="2022-04-18T17:37:19 IST" name="setupDriver" finished-at="2022-04-18T17:37:26 IST" duration-ms="6953" status="PASS">
          <reporter-output>
          </reporter-output>
        </test-method> <!-- setupDriver -->
        <test-method signature="validateLoginTest()[pri:0, instance:com.flikart.testscenairos.PlaceOrder@3d1cfad4]" started-at="2022-04-18T17:37:26 IST" name="validateLoginTest" finished-at="2022-04-18T17:37:36 IST" duration-ms="9827" status="PASS">
          <reporter-output>
          </reporter-output>
        </test-method> <!-- validateLoginTest -->
        <test-method signature="validateSeachProductTest()[pri:1, instance:com.flikart.testscenairos.PlaceOrder@3d1cfad4]" started-at="2022-04-18T17:37:36 IST" name="validateSeachProductTest" finished-at="2022-04-18T17:37:39 IST" duration-ms="2689" status="PASS">
          <reporter-output>
          </reporter-output>
        </test-method> <!-- validateSeachProductTest -->
        <test-method signature="validateSelectProductTest()[pri:2, instance:com.flikart.testscenairos.PlaceOrder@3d1cfad4]" started-at="2022-04-18T17:37:39 IST" name="validateSelectProductTest" finished-at="2022-04-18T17:37:39 IST" duration-ms="0" status="PASS">
          <reporter-output>
          </reporter-output>
        </test-method> <!-- validateSelectProductTest -->
        <test-method signature="validateAddToCartTest()[pri:3, instance:com.flikart.testscenairos.PlaceOrder@3d1cfad4]" started-at="2022-04-18T17:37:39 IST" name="validateAddToCartTest" finished-at="2022-04-18T17:37:39 IST" duration-ms="0" status="PASS">
          <reporter-output>
          </reporter-output>
        </test-method> <!-- validateAddToCartTest -->
        <test-method signature="validatePlaceOrderTest()[pri:4, instance:com.flikart.testscenairos.PlaceOrder@3d1cfad4]" started-at="2022-04-18T17:37:39 IST" name="validatePlaceOrderTest" finished-at="2022-04-18T17:37:39 IST" duration-ms="0" status="PASS">
          <reporter-output>
          </reporter-output>
        </test-method> <!-- validatePlaceOrderTest -->
        <test-method signature="validateMakePayment()[pri:5, instance:com.flikart.testscenairos.PlaceOrder@3d1cfad4]" started-at="2022-04-18T17:37:39 IST" name="validateMakePayment" finished-at="2022-04-18T17:37:39 IST" duration-ms="0" status="PASS">
          <reporter-output>
          </reporter-output>
        </test-method> <!-- validateMakePayment -->
        <test-method signature="validateLogoutTest()[pri:6, instance:com.flikart.testscenairos.PlaceOrder@3d1cfad4]" started-at="2022-04-18T17:37:39 IST" name="validateLogoutTest" finished-at="2022-04-18T17:37:39 IST" duration-ms="0" status="PASS">
          <reporter-output>
          </reporter-output>
        </test-method> <!-- validateLogoutTest -->
        <test-method is-config="true" signature="tearDown()[pri:0, instance:com.flikart.testscenairos.PlaceOrder@3d1cfad4]" started-at="2022-04-18T17:37:39 IST" name="tearDown" finished-at="2022-04-18T17:37:39 IST" duration-ms="0" status="PASS">
          <reporter-output>
          </reporter-output>
        </test-method> <!-- tearDown -->
      </class> <!-- com.flikart.testscenairos.PlaceOrder -->
    </test> <!-- Test -->
  </suite> <!-- Suite -->
</testng-results>
