<?xml version="1.0" encoding="UTF-8"?>
<testsuite xmlns:xsi="http://www.w3.org/2001/XMLSchema-instance" xsi:noNamespaceSchemaLocation="https://maven.apache.org/surefire/maven-surefire-plugin/xsd/surefire-test-report-3.0.xsd" version="3.0" name="TestSuite" time="20.962" tests="7" errors="0" skipped="0" failures="0">
  <properties>
[...]
</properties>
  <testcase name="validateLoginTest" classname="com.flikart.testscenairos.PlaceOrder" time="9.802">
    <system-out><![CDATA[Is Nalinikanta Present: true
This is the Screenshot for: Login page
]]></system-out>
    <system-err><![CDATA[Starting ChromeDriver 100.0.4896.60 (6a5d10861ce8de5fce22564658033b43cb7de047-refs/branch-heads/4896@{#875}) on port 12097
Only local connections are allowed.
Please see https://chromedriver.chromium.org/security-considerations for suggestions on keeping ChromeDriver safe.
ChromeDriver was started successfully.
Apr 18, 2022 5:37:23 PM org.openqa.selenium.remote.ProtocolHandshake createSession
INFO: Detected dialect: W3C
]]></system-err>
  </testcase>
  <testcase name="validateSeachProductTest" classname="com.flikart.testscenairos.PlaceOrder" time="2.69"/>
  <testcase name="validateSelectProductTest" classname="com.flikart.testscenairos.PlaceOrder" time="0"/>
  <testcase name="validateAddToCartTest" classname="com.flikart.testscenairos.PlaceOrder" time="0.001"/>
  <testcase name="validatePlaceOrderTest" classname="com.flikart.testscenairos.PlaceOrder" time="0"/>
  <testcase name="validateMakePayment" classname="com.flikart.testscenairos.PlaceOrder" time="0"/>
  <testcase name="validateLogoutTest" classname="com.flikart.testscenairos.PlaceOrder" time="0"/>
</testsuite>